app/build/intermediates/manifest_merge_blame_file/debug/manifest-merger-blame-debug-report.txt
1<?xml version="1.0" encoding="utf-8"?>
2<manifest xmlns:android="http://schemas.android.com/apk/res/android"
3    package="andoid.example.myfirstprojectfirebase"
4    android:versionCode="1"
5    android:versionName="1.0" >
6
7    <uses-sdk
8        android:minSdkVersion="26"
8-->src\main\AndroidManifest.xml
9        android:targetSdkVersion="30" />
9-->src\main\AndroidManifest.xml
10
11    <uses-permission android:name="android.permission.INTERNET" />
11-->[com.google.firebase:firebase-auth:20.0.1] AndroidManifest.xml:23:5-67
11-->[com.google.firebase:firebase-auth:20.0.1] AndroidManifest.xml:23:22-64
12    <uses-permission android:name="android.permission.ACCESS_NETWORK_STATE" />
12-->[com.google.firebase:firebase-auth:20.0.1] AndroidManifest.xml:24:5-79
12-->[com.google.firebase:firebase-auth:20.0.1] AndroidManifest.xml:24:22-76
13
14    <application
14-->src\main\AndroidManifest.xml:5:5-21:19
15        android:allowBackup="true"
15-->src\main\AndroidManifest.xml:6:9-35
16        android:appComponentFactory="androidx.core.app.CoreComponentFactory"
16-->[androidx.core:core:1.3.1] AndroidManifest.xml:24:18-86
17        android:debuggable="true"
18        android:extractNativeLibs="false"
19        android:icon="@mipmap/ic_launcher"
19-->src\main\AndroidManifest.xml:7:9-43
20        android:label="@string/app_name"
20-->src\main\AndroidManifest.xml:8:9-41
21        android:roundIcon="@mipmap/ic_launcher_round"
21-->src\main\AndroidManifest.xml:9:9-54
22        android:supportsRtl="true"
22-->src\main\AndroidManifest.xml:10:9-35
23        android:testOnly="true"
24        android:theme="@style/Theme.MyFirstProjectFirebase" >
24-->src\main\AndroidManifest.xml:11:9-60
25        <activity android:name="andoid.example.myfirstprojectfirebase.UserListActivity" />
25-->src\main\AndroidManifest.xml:12:9-63
25-->src\main\AndroidManifest.xml:12:19-51
26        <activity android:name="andoid.example.myfirstprojectfirebase.ChatActivity" />
26-->src\main\AndroidManifest.xml:13:9-50
26-->src\main\AndroidManifest.xml:13:19-47
27        <activity android:name="andoid.example.myfirstprojectfirebase.AuthenticationActivity" >
27-->src\main\AndroidManifest.xml:14:9-20:20
27-->src\main\AndroidManifest.xml:14:19-57
28            <intent-filter>
28-->src\main\AndroidManifest.xml:15:13-19:29
29                <action android:name="android.intent.action.MAIN" />
29-->src\main\AndroidManifest.xml:16:17-69
29-->src\main\AndroidManifest.xml:16:25-66
30
31                <category android:name="android.intent.category.LAUNCHER" />
31-->src\main\AndroidManifest.xml:18:17-77
31-->src\main\AndroidManifest.xml:18:27-74
32            </intent-filter>
33        </activity>
34        <activity
34-->[com.google.firebase:firebase-auth:20.0.1] AndroidManifest.xml:27:9-44:20
35            android:name="com.google.firebase.auth.internal.GenericIdpActivity"
35-->[com.google.firebase:firebase-auth:20.0.1] AndroidManifest.xml:28:13-80
36            android:excludeFromRecents="true"
36-->[com.google.firebase:firebase-auth:20.0.1] AndroidManifest.xml:29:13-46
37            android:exported="true"
37-->[com.google.firebase:firebase-auth:20.0.1] AndroidManifest.xml:30:13-36
38            android:launchMode="singleTask"
38-->[com.google.firebase:firebase-auth:20.0.1] AndroidManifest.xml:31:13-44
39            android:theme="@android:style/Theme.Translucent.NoTitleBar" >
39-->[com.google.firebase:firebase-auth:20.0.1] AndroidManifest.xml:32:13-72
40            <intent-filter>
40-->[com.google.firebase:firebase-auth:20.0.1] AndroidManifest.xml:33:13-43:29
41                <action android:name="android.intent.action.VIEW" />
41-->[com.google.firebase:firebase-auth:20.0.1] AndroidManifest.xml:34:17-69
41-->[com.google.firebase:firebase-auth:20.0.1] AndroidManifest.xml:34:25-66
42
43                <category android:name="android.intent.category.DEFAULT" />
43-->[com.google.firebase:firebase-auth:20.0.1] AndroidManifest.xml:36:17-76
43-->[com.google.firebase:firebase-auth:20.0.1] AndroidManifest.xml:36:27-73
44                <category android:name="android.intent.category.BROWSABLE" />
44-->[com.google.firebase:firebase-auth:20.0.1] AndroidManifest.xml:37:17-78
44-->[com.google.firebase:firebase-auth:20.0.1] AndroidManifest.xml:37:27-75
45
46                <data
46-->[com.google.firebase:firebase-auth:20.0.1] AndroidManifest.xml:39:17-42:51
47                    android:host="firebase.auth"
47-->[com.google.firebase:firebase-auth:20.0.1] AndroidManifest.xml:40:21-49
48                    android:path="/"
48-->[com.google.firebase:firebase-auth:20.0.1] AndroidManifest.xml:41:21-37
49                    android:scheme="genericidp" />
49-->[com.google.firebase:firebase-auth:20.0.1] AndroidManifest.xml:42:21-48
50            </intent-filter>
51        </activity>
52        <activity
52-->[com.google.firebase:firebase-auth:20.0.1] AndroidManifest.xml:45:9-62:20
53            android:name="com.google.firebase.auth.internal.RecaptchaActivity"
53-->[com.google.firebase:firebase-auth:20.0.1] AndroidManifest.xml:46:13-79
54            android:excludeFromRecents="true"
54-->[com.google.firebase:firebase-auth:20.0.1] AndroidManifest.xml:47:13-46
55            android:exported="true"
55-->[com.google.firebase:firebase-auth:20.0.1] AndroidManifest.xml:48:13-36
56            android:launchMode="singleTask"
56-->[com.google.firebase:firebase-auth:20.0.1] AndroidManifest.xml:49:13-44
57            android:theme="@android:style/Theme.Translucent.NoTitleBar" >
57-->[com.google.firebase:firebase-auth:20.0.1] AndroidManifest.xml:50:13-72
58            <intent-filter>
58-->[com.google.firebase:firebase-auth:20.0.1] AndroidManifest.xml:51:13-61:29
59                <action android:name="android.intent.action.VIEW" />
59-->[com.google.firebase:firebase-auth:20.0.1] AndroidManifest.xml:34:17-69
59-->[com.google.firebase:firebase-auth:20.0.1] AndroidManifest.xml:34:25-66
60
61                <category android:name="android.intent.category.DEFAULT" />
61-->[com.google.firebase:firebase-auth:20.0.1] AndroidManifest.xml:36:17-76
61-->[com.google.firebase:firebase-auth:20.0.1] AndroidManifest.xml:36:27-73
62                <category android:name="android.intent.category.BROWSABLE" />
62-->[com.google.firebase:firebase-auth:20.0.1] AndroidManifest.xml:37:17-78
62-->[com.google.firebase:firebase-auth:20.0.1] AndroidManifest.xml:37:27-75
63
64                <data
64-->[com.google.firebase:firebase-auth:20.0.1] AndroidManifest.xml:39:17-42:51
65                    android:host="firebase.auth"
65-->[com.google.firebase:firebase-auth:20.0.1] AndroidManifest.xml:40:21-49
66                    android:path="/"
66-->[com.google.firebase:firebase-auth:20.0.1] AndroidManifest.xml:41:21-37
67                    android:scheme="recaptcha" />
67-->[com.google.firebase:firebase-auth:20.0.1] AndroidManifest.xml:42:21-48
68            </intent-filter>
69        </activity>
70
71        <service
71-->[com.google.firebase:firebase-auth:20.0.1] AndroidManifest.xml:64:9-73:19
72            android:name="com.google.firebase.auth.api.fallback.service.FirebaseAuthFallbackService"
72-->[com.google.firebase:firebase-auth:20.0.1] AndroidManifest.xml:65:13-101
73            android:enabled="true"
73-->[com.google.firebase:firebase-auth:20.0.1] AndroidManifest.xml:66:13-35
74            android:exported="false" >
74-->[com.google.firebase:firebase-auth:20.0.1] AndroidManifest.xml:67:13-37
75            <intent-filter>
75-->[com.google.firebase:firebase-auth:20.0.1] AndroidManifest.xml:68:13-72:29
76                <action android:name="com.google.firebase.auth.api.gms.service.START" />
76-->[com.google.firebase:firebase-auth:20.0.1] AndroidManifest.xml:69:17-89
76-->[com.google.firebase:firebase-auth:20.0.1] AndroidManifest.xml:69:25-86
77
78                <category android:name="android.intent.category.DEFAULT" />
78-->[com.google.firebase:firebase-auth:20.0.1] AndroidManifest.xml:36:17-76
78-->[com.google.firebase:firebase-auth:20.0.1] AndroidManifest.xml:36:27-73
79            </intent-filter>
80        </service>
81        <service
81-->[com.google.firebase:firebase-auth:20.0.1] AndroidManifest.xml:74:9-80:19
82            android:name="com.google.firebase.components.ComponentDiscoveryService"
82-->[com.google.firebase:firebase-auth:20.0.1] AndroidManifest.xml:75:13-84
83            android:directBootAware="true"
83-->[com.google.firebase:firebase-common:19.5.0] AndroidManifest.xml:35:13-43
84            android:exported="false" >
84-->[com.google.firebase:firebase-auth:20.0.1] AndroidManifest.xml:76:13-37
85            <meta-data
85-->[com.google.firebase:firebase-auth:20.0.1] AndroidManifest.xml:77:13-79:85
86                android:name="com.google.firebase.components:com.google.firebase.auth.FirebaseAuthRegistrar"
86-->[com.google.firebase:firebase-auth:20.0.1] AndroidManifest.xml:78:17-109
87                android:value="com.google.firebase.components.ComponentRegistrar" />
87-->[com.google.firebase:firebase-auth:20.0.1] AndroidManifest.xml:79:17-82
88            <meta-data
88-->[com.google.firebase:firebase-database:19.6.0] AndroidManifest.xml:32:13-34:85
89                android:name="com.google.firebase.components:com.google.firebase.database.DatabaseRegistrar"
89-->[com.google.firebase:firebase-database:19.6.0] AndroidManifest.xml:33:17-109
90                android:value="com.google.firebase.components.ComponentRegistrar" />
90-->[com.google.firebase:firebase-database:19.6.0] AndroidManifest.xml:34:17-82
91            <meta-data
91-->[com.google.firebase:firebase-storage:19.2.1] AndroidManifest.xml:33:13-35:85
92                android:name="com.google.firebase.components:com.google.firebase.storage.StorageRegistrar"
92-->[com.google.firebase:firebase-storage:19.2.1] AndroidManifest.xml:34:17-107
93                android:value="com.google.firebase.components.ComponentRegistrar" />
93-->[com.google.firebase:firebase-storage:19.2.1] AndroidManifest.xml:35:17-82
94            <!--
95                This registrar is not defined in the dynamic-module-support sdk itself to allow non-firebase
96                clients to use it as well, by defining this registrar in their own core/common library.
97            -->
98            <meta-data
98-->[com.google.firebase:firebase-common:19.5.0] AndroidManifest.xml:43:13-45:85
99                android:name="com.google.firebase.components:com.google.firebase.dynamicloading.DynamicLoadingRegistrar"
99-->[com.google.firebase:firebase-common:19.5.0] AndroidManifest.xml:44:17-121
100                android:value="com.google.firebase.components.ComponentRegistrar" />
100-->[com.google.firebase:firebase-common:19.5.0] AndroidManifest.xml:45:17-82
101        </service>
102
103        <provider
103-->[com.google.firebase:firebase-common:19.5.0] AndroidManifest.xml:26:9-31:39
104            android:name="com.google.firebase.provider.FirebaseInitProvider"
104-->[com.google.firebase:firebase-common:19.5.0] AndroidManifest.xml:27:13-77
105            android:authorities="andoid.example.myfirstprojectfirebase.firebaseinitprovider"
105-->[com.google.firebase:firebase-common:19.5.0] AndroidManifest.xml:28:13-72
106            android:directBootAware="true"
106-->[com.google.firebase:firebase-common:19.5.0] AndroidManifest.xml:29:13-43
107            android:exported="false"
107-->[com.google.firebase:firebase-common:19.5.0] AndroidManifest.xml:30:13-37
108            android:initOrder="100" />
108-->[com.google.firebase:firebase-common:19.5.0] AndroidManifest.xml:31:13-36
109
110        <activity
110-->[com.google.android.gms:play-services-base:17.1.0] AndroidManifest.xml:23:9-26:75
111            android:name="com.google.android.gms.common.api.GoogleApiActivity"
111-->[com.google.android.gms:play-services-base:17.1.0] AndroidManifest.xml:24:13-79
112            android:exported="false"
112-->[com.google.android.gms:play-services-base:17.1.0] AndroidManifest.xml:25:13-37
113            android:theme="@android:style/Theme.Translucent.NoTitleBar" />
113-->[com.google.android.gms:play-services-base:17.1.0] AndroidManifest.xml:26:13-72
114
115        <meta-data
115-->[com.google.android.gms:play-services-basement:17.1.0] AndroidManifest.xml:23:9-25:69
116            android:name="com.google.android.gms.version"
116-->[com.google.android.gms:play-services-basement:17.1.0] AndroidManifest.xml:24:13-58
117            android:value="@integer/google_play_services_version" />
117-->[com.google.android.gms:play-services-basement:17.1.0] AndroidManifest.xml:25:13-66
118    </application>
119
120</manifest>